  ▲ Next.js 14.2.28
  - Local:        http://localhost:3000
  - Environments: .env
  - Experiments (use with caution):
    · outputFileTracingRoot

 ✓ Starting...
 ✓ Ready in 1465ms
 ○ Compiling / ...
 ✓ Compiled / in 1795ms (966 modules)
 GET / 200 in 2021ms
 ✓ Compiled in 452ms (489 modules)
 ○ Compiling /api/auth/[...nextauth] ...
 ✓ Compiled /api/auth/[...nextauth] in 770ms (717 modules)
 GET /api/auth/providers 200 in 1231ms
 GET / 200 in 97ms
 ✓ Compiled /api/products in 280ms (744 modules)
 ✓ Compiled (747 modules)
 GET /api/auth/session 200 in 577ms
 GET /api/auth/session 200 in 19ms
 GET /api/categories?tree=true 200 in 647ms
 GET /api/products?page=1&limit=20 200 in 655ms
 GET /api/categories?tree=true 200 in 19ms
 GET /api/products?page=1&limit=20 200 in 22ms
 ○ Compiling /products/[id] ...
 ✓ Compiled /products/[id] in 1028ms (1272 modules)
 GET /auth/signin 200 in 1229ms
 GET /auth/signup 200 in 1225ms
 GET /api/auth/session 200 in 38ms
 GET /products/cme5nkezk000fyghqtb5w3ctd 200 in 1581ms
 GET /products/cme5nkf00000nyghqu6o9vjcp 200 in 1592ms
 GET /products/cme5nkf210025yghq483p6d5a 200 in 1565ms
 GET /products/cme5nkf0c000vyghq9083gk15 200 in 1572ms
 GET /products/cme5nkf16001hyghqp3kmpcl7 200 in 1598ms
 GET /api/auth/session 200 in 80ms
 GET /api/auth/session 200 in 59ms
 GET /api/auth/session 200 in 26ms
 GET /api/auth/session 200 in 36ms
 GET /api/auth/session 200 in 40ms
 GET /api/auth/session 200 in 20ms
 GET /api/auth/session 200 in 17ms
 GET /api/auth/session 200 in 19ms
 GET /api/auth/session 200 in 18ms
 GET /api/auth/session 200 in 16ms
 GET /api/auth/session 200 in 17ms
 GET /api/auth/session 200 in 30ms
 GET /api/auth/session 200 in 18ms
 GET /api/auth/session 200 in 16ms
 GET /api/auth/session 200 in 16ms
 GET /api/auth/session 200 in 16ms
 GET /api/auth/session 200 in 18ms
 GET /api/auth/session 200 in 27ms
 GET /api/auth/session 200 in 17ms
 GET /api/auth/session 200 in 19ms
 GET /api/auth/csrf 200 in 30ms
 ✓ Compiled /api/signup in 276ms (779 modules)
 POST /api/signup 201 in 669ms
 GET / 200 in 45ms
 GET /api/auth/csrf 200 in 49ms
 POST /api/auth/callback/credentials 302 in 359ms
 ✓ Compiled /_not-found in 292ms (1277 modules)
 GET /dashboard 404 in 340ms
 GET / 200 in 41ms
 GET /api/auth/session 200 in 49ms
 GET /api/products?page=1&limit=20 200 in 116ms
 GET /api/categories?tree=true 200 in 108ms
 GET /api/auth/session 200 in 19ms
 GET /api/products?page=1&limit=20 200 in 26ms
 GET /api/categories?tree=true 200 in 18ms
 ○ Compiling /wishlist ...
 ✓ Compiled /wishlist in 556ms (1287 modules)
 GET /wishlist 200 in 628ms
 GET /api/auth/session 200 in 44ms
 GET /api/auth/session 200 in 22ms
 ✓ Compiled /api/wishlist in 247ms (788 modules)
 GET /api/wishlist 200 in 392ms
 GET /api/wishlist 200 in 24ms
 GET / 200 in 48ms
 GET /auth/signin 200 in 34ms
 GET /wishlist 200 in 35ms
[?25h
