  ▲ Next.js 14.2.28
  - Local:        http://localhost:3000
  - Environments: .env
  - Experiments (use with caution):
    · outputFileTracingRoot

 ✓ Starting...
 ✓ Ready in 1435ms
 ○ Compiling / ...
 ✓ Compiled / in 1956ms (966 modules)
 GET / 200 in 2187ms
 ✓ Compiled in 451ms (489 modules)
 ✓ Compiled /api/auth/[...nextauth] in 466ms (717 modules)
 GET /api/auth/providers 200 in 911ms
 GET / 200 in 64ms
 GET /api/auth/session 200 in 31ms
 ✓ Compiled /api/categories in 214ms (744 modules)
 ✓ Compiled (747 modules)
 GET /api/products?page=1&limit=20 200 in 565ms
 GET /api/categories?tree=true 200 in 578ms
 GET /api/products?page=1&limit=20 200 in 28ms
 GET /api/categories?tree=true 200 in 23ms
 GET /api/auth/session 200 in 712ms
 ○ Compiling /products/[id] ...
 ✓ Compiled /products/[id] in 867ms (1272 modules)
 GET /auth/signup 200 in 1060ms
 GET /auth/signin 200 in 1056ms
 GET /api/auth/session 200 in 48ms
 GET /products/cme5nkf0c000vyghq9083gk15 200 in 1460ms
 GET /products/cme5nkf210025yghq483p6d5a 200 in 1407ms
 GET /products/cme5nkf00000nyghqu6o9vjcp 200 in 1466ms
 GET /products/cme5nkf16001hyghqp3kmpcl7 200 in 1465ms
 GET /products/cme5nkezk000fyghqtb5w3ctd 200 in 1410ms
 GET /api/auth/session 200 in 70ms
 GET /api/auth/session 200 in 42ms
 GET /api/auth/session 200 in 40ms
 GET /api/auth/session 200 in 21ms
 GET /api/auth/session 200 in 46ms
 GET /api/auth/session 200 in 37ms
 GET /api/auth/session 200 in 18ms
 GET /api/auth/session 200 in 17ms
 GET /api/auth/session 200 in 18ms
 GET /api/auth/session 200 in 18ms
 GET /api/auth/session 200 in 29ms
 GET /api/auth/session 200 in 18ms
 GET /api/auth/session 200 in 19ms
 GET /api/auth/session 200 in 17ms
 GET /api/auth/session 200 in 18ms
 GET /api/auth/csrf 200 in 29ms
 ✓ Compiled /api/signup in 176ms (779 modules)
 POST /api/signup 201 in 576ms
 GET / 200 in 52ms
 GET /api/auth/csrf 200 in 44ms
 POST /api/auth/callback/credentials 302 in 362ms
 ✓ Compiled /_not-found in 288ms (1277 modules)
 GET /dashboard 404 in 336ms
 GET / 200 in 37ms
 GET /api/auth/session 200 in 63ms
 GET /api/products?page=1&limit=20 200 in 104ms
 GET /api/auth/session 200 in 22ms
 GET /api/categories?tree=true 200 in 139ms
 GET /api/products?page=1&limit=20 200 in 29ms
 GET /api/categories?tree=true 200 in 23ms
 ✓ Compiled /wishlist in 399ms (1287 modules)
 GET /wishlist 200 in 469ms
 GET /api/auth/session 200 in 47ms
 GET /api/auth/session 200 in 20ms
 ✓ Compiled /api/wishlist in 196ms (788 modules)
 GET /api/wishlist 200 in 328ms
 GET /api/wishlist 200 in 25ms
 ✓ Compiled in 667ms (1301 modules)
 ✓ Compiled in 436ms (788 modules)
 ✓ Compiled in 507ms (1200 modules)
[?25h
