  ▲ Next.js 14.2.28
  - Local:        http://localhost:3000
  - Environments: .env
  - Experiments (use with caution):
    · outputFileTracingRoot

 ✓ Starting...
Attention: Next.js now collects completely anonymous telemetry regarding usage.
This information is used to shape Next.js' roadmap and prioritize features.
You can learn more, including how to opt-out if you'd not like to participate in this anonymous program, by visiting the following URL:
https://nextjs.org/telemetry

 ✓ Ready in 1231ms
 ○ Compiling / ...
 ✓ Compiled / in 3.4s (973 modules)
 GET / 200 in 3748ms
 ✓ Compiled in 453ms (489 modules)
 ✓ Compiled in 351ms (954 modules)
 ✓ Compiled in 275ms (489 modules)
 ✓ Compiled in 367ms (489 modules)
 ✓ Compiled in 255ms (489 modules)
[?25h
