  ▲ Next.js 14.2.28
  - Local:        http://localhost:3000
  - Environments: .env
  - Experiments (use with caution):
    · outputFileTracingRoot

 ✓ Starting...
 ✓ Ready in 1566ms
 ○ Compiling / ...
 ✓ Compiled / in 1896ms (966 modules)
 GET / 200 in 2138ms
 ✓ Compiled in 466ms (489 modules)
 ✓ Compiled /api/auth/[...nextauth] in 488ms (717 modules)
 GET /api/auth/providers 200 in 975ms
 GET / 200 in 68ms
 ✓ Compiled /api/categories in 213ms (744 modules)
 ✓ Compiled (747 modules)
 GET /api/auth/session 200 in 475ms
 GET /api/auth/session 200 in 21ms
 GET /api/categories?tree=true 200 in 603ms
 GET /api/products?page=1&limit=20 200 in 661ms
 GET /api/categories?tree=true 200 in 32ms
 GET /api/products?page=1&limit=20 200 in 60ms
 ○ Compiling /auth/signup ...
 ✓ Compiled /auth/signup in 1046ms (1272 modules)
 GET /auth/signin 200 in 1460ms
 GET /auth/signup 200 in 1354ms
 GET /api/auth/session 200 in 81ms
 GET /products/cme5pc59bf5ohpf01d790bxbs 200 in 1849ms
 GET /products/cme5pc57cf5hhpf01u4ht2pf8 200 in 1740ms
 GET /products/cme5pc59jf5p9pf0176gmacq7 200 in 1865ms
 GET /products/cme5pc5b2f5uppf01jugmhzh9 200 in 1875ms
 GET /products/cme5pc58gf5ldpf01rp337h8w 200 in 1849ms
 GET /products/cme5pc59qf5q1pf0153diac4x 200 in 1948ms
 GET /products/cme5pc5aff5sdpf01sdyt1iu8 200 in 1930ms
 GET /products/cme5pc58of5m5pf016v3pv12m 200 in 1890ms
 GET /products/cme5pc58vf5mxpf01k9o57s9s 200 in 1948ms
 GET /products/cme5pc593f5nppf012e7y4tt4 200 in 1950ms
 GET /products/cme5pc5auf5txpf01fswyof1n 200 in 1906ms
 GET /products/cme5pc574f5gppf01eba7vm88 200 in 1884ms
 GET /products/cme5pc580f5jtpf01ohxr4he1 200 in 1942ms
 GET /products/cme5pc588f5klpf01tfqlqz82 200 in 1888ms
 GET /products/cme5pc5a6f5rlpf013wxjzncw 200 in 2030ms
 GET /products/cme5pc57sf5j1pf01emnwo6hi 200 in 1900ms
 GET /products/cme5pc5baf5vhpf01nz073que 200 in 2001ms
 GET /products/cme5pc57kf5i9pf01y69y7gey 200 in 1902ms
 GET /products/cme5pc5amf5t5pf01swb4412i 200 in 1925ms
 GET /products/cme5pc59yf5qtpf0182g2kggx 200 in 1906ms
 GET /api/auth/session 200 in 169ms
 GET /api/auth/session 200 in 261ms
 GET /api/auth/session 200 in 111ms
 GET /api/auth/session 200 in 67ms
 GET /api/auth/session 200 in 134ms
 GET /api/auth/session 200 in 77ms
 GET /api/auth/session 200 in 53ms
 GET /api/auth/session 200 in 71ms
 GET /api/auth/session 200 in 50ms
 GET /api/auth/session 200 in 48ms
 GET /api/auth/session 200 in 28ms
 GET /api/auth/session 200 in 27ms
 GET /api/auth/session 200 in 23ms
 GET /api/auth/session 200 in 24ms
 GET /api/auth/session 200 in 22ms
 GET /api/auth/session 200 in 55ms
 GET /api/auth/session 200 in 22ms
 GET /api/auth/session 200 in 26ms
 GET /api/auth/session 200 in 21ms
 GET /api/auth/session 200 in 22ms
 GET /api/auth/session 200 in 24ms
 GET /api/auth/session 200 in 35ms
 GET /api/auth/session 200 in 23ms
 GET /api/auth/session 200 in 22ms
 GET /api/auth/session 200 in 24ms
 GET /api/auth/session 200 in 21ms
 GET /api/auth/session 200 in 23ms
 GET /api/auth/session 200 in 35ms
 GET /api/auth/session 200 in 48ms
 GET /api/auth/session 200 in 28ms
 GET /api/auth/session 200 in 27ms
 GET /api/auth/session 200 in 27ms
 GET /api/auth/session 200 in 46ms
 GET /api/auth/session 200 in 27ms
 GET /api/auth/session 200 in 29ms
 GET /api/auth/session 200 in 26ms
 GET /api/auth/session 200 in 25ms
 GET /api/auth/session 200 in 27ms
 GET /api/auth/session 200 in 41ms
 GET /api/auth/session 200 in 117ms
 GET /api/auth/session 200 in 117ms
 GET /api/auth/session 200 in 117ms
 GET /api/auth/session 200 in 116ms
 GET /api/auth/session 200 in 116ms
 GET /api/auth/session 200 in 116ms
 GET /api/auth/session 200 in 116ms
 GET /api/auth/session 200 in 116ms
 GET /api/auth/session 200 in 116ms
 GET /api/auth/session 200 in 116ms
 GET /api/auth/session 200 in 115ms
 GET /api/auth/session 200 in 115ms
 GET /api/auth/session 200 in 115ms
 GET /api/auth/session 200 in 115ms
 GET /api/auth/session 200 in 115ms
 GET /api/auth/session 200 in 113ms
 GET /api/auth/session 200 in 112ms
 GET /api/auth/session 200 in 112ms
 GET /api/auth/csrf 200 in 34ms
 ✓ Compiled /api/signup in 195ms (779 modules)
 POST /api/signup 201 in 598ms
 GET / 200 in 54ms
 GET /api/auth/csrf 200 in 47ms
 POST /api/auth/callback/credentials 302 in 368ms
 ✓ Compiled /_not-found in 362ms (1277 modules)
 GET /dashboard 404 in 414ms
 GET / 200 in 43ms
 GET /api/auth/session 200 in 76ms
 GET /api/categories?tree=true 200 in 116ms
 GET /api/auth/session 200 in 24ms
 GET /api/categories?tree=true 200 in 29ms
 GET /api/products?page=1&limit=20 200 in 178ms
 GET /api/products?page=1&limit=20 200 in 71ms
 ✓ Compiled /wishlist in 369ms (1287 modules)
 GET /wishlist 200 in 446ms
 GET /api/auth/session 200 in 51ms
 GET /api/auth/session 200 in 25ms
 ✓ Compiled /api/wishlist in 231ms (788 modules)
 GET /api/wishlist 200 in 375ms
 GET /api/wishlist 200 in 27ms
 GET /products/cme5nkf00000nyghqu6o9vjcp 200 in 184ms
 GET /products/cme5nkezk000fyghqtb5w3ctd 200 in 194ms
 GET /api/auth/session 200 in 45ms
 GET /api/auth/session 200 in 24ms
 GET /api/auth/session 200 in 24ms
 GET /api/auth/session 200 in 22ms
 GET /api/auth/session 200 in 23ms
 ○ Compiling /admin ...
 ✓ Compiled /admin in 1093ms (1361 modules)
 GET /admin 200 in 1192ms
 GET /api/auth/session 200 in 70ms
 GET /api/auth/session 200 in 36ms
 GET /api/categories?tree=true 200 in 149ms
 GET /api/products?page=1&limit=20 200 in 186ms
 GET /api/categories?tree=true 200 in 36ms
 GET /api/products?page=1&limit=20 200 in 56ms
 POST /api/auth/signin/credentials 302 in 36ms
 GET /auth/signin 200 in 46ms
 GET /api/auth/session 200 in 44ms
 GET /api/auth/session 200 in 27ms
 GET /api/auth/session 200 in 22ms
 GET /auth/signin?email=sevcik.jan@seznam.cz 200 in 32ms
 GET /api/auth/session 200 in 31ms
 GET /api/auth/session 200 in 18ms
 GET /api/auth/session 200 in 16ms
 GET /api/auth/session 200 in 16ms
 ✓ Compiled in 380ms (546 modules)
 ✓ Compiled in 639ms (1273 modules)
 ✓ Compiled /api/affiliate/imports in 584ms (1283 modules)
 ✓ Compiled in 0ms (761 modules)
 GET /api/affiliate/imports 200 in 778ms
 GET /api/affiliate/imports 200 in 98ms
[?25h
