  ▲ Next.js 14.2.28
  - Local:        http://localhost:3000
  - Environments: .env
  - Experiments (use with caution):
    · outputFileTracingRoot

 ✓ Starting...
 ✓ Ready in 1743ms
 ○ Compiling / ...
 GET / 500 in 7494ms
 GET /_next/static/webpack/64769651db0b9da6.webpack.hot-update.json 500 in 7480ms
 GET /_next/static/webpack/64769651db0b9da6.webpack.hot-update.json 500 in 3ms
 GET / 500 in 325ms
 GET / 500 in 20ms
 GET / 500 in 28ms
 GET /_next/static/webpack/64769651db0b9da6.webpack.hot-update.json 500 in 252ms
 GET /_next/static/webpack/64769651db0b9da6.webpack.hot-update.json 500 in 7ms
 GET /api/affiliate/imports 500 in 288ms
 GET / 500 in 19ms
 GET / 500 in 21ms
 GET /_next/static/webpack/64769651db0b9da6.webpack.hot-update.json 500 in 7ms
 GET /_next/static/webpack/64769651db0b9da6.webpack.hot-update.json 500 in 1580ms
 GET / 500 in 21ms
 GET / 500 in 22ms
 GET /_next/static/webpack/64769651db0b9da6.webpack.hot-update.json 500 in 5ms
 ✓ Compiled /api/affiliate/imports in 1127ms (1217 modules)
 GET / 200 in 1119ms
 GET /_next/static/webpack/64769651db0b9da6.webpack.hot-update.json 404 in 1336ms
 GET / 200 in 39ms
 GET / 200 in 38ms
 ✓ Compiled /api/auth/[...nextauth] in 146ms (554 modules)
 ✓ Compiled (792 modules)
 GET /api/categories?tree=true 200 in 1026ms
 GET /api/categories?tree=true 200 in 26ms
 GET /api/products?page=1&limit=20 200 in 1082ms
 GET /api/categories?tree=true 200 in 26ms
 GET /api/auth/session 200 in 1140ms
 GET /api/categories?tree=true 200 in 26ms
 GET /api/products?page=1&limit=20 200 in 72ms
 GET /api/auth/session 200 in 41ms
 GET /api/auth/session 200 in 31ms
 GET /api/products?page=1&limit=20 200 in 69ms
 GET /api/auth/session 200 in 19ms
 GET /api/auth/session 200 in 19ms
 GET /api/auth/session 200 in 19ms
 GET /api/products?page=1&limit=20 200 in 64ms
 GET /api/auth/session 200 in 17ms
 GET /api/auth/session 200 in 17ms
 GET /api/auth/session 200 in 33ms
 GET /api/auth/session 200 in 16ms
 GET /api/auth/session 200 in 17ms
 GET /api/auth/session 200 in 17ms
[?25h
