  ▲ Next.js 14.2.28
  - Local:        http://localhost:3000
  - Environments: .env
  - Experiments (use with caution):
    · outputFileTracingRoot

 ✓ Starting...
 ✓ Ready in 1801ms
 ✓ Compiled /api/affiliate/imports in 297ms (57 modules)
 GET /api/affiliate/imports 200 in 522ms
 ○ Compiling / ...
 ✓ Compiled / in 3.4s (1020 modules)
 GET / 200 in 3709ms
 ✓ Compiled in 470ms (497 modules)
 GET / 200 in 61ms
 GET / 200 in 35ms
 ○ Compiling /api/products ...
 ✓ Compiled /api/products in 1619ms (519 modules)
 ✓ Compiled (757 modules)
 GET /api/affiliate/imports 200 in 2746ms
 GET / 200 in 2069ms
 GET /api/categories?tree=true 200 in 2884ms
 GET /api/affiliate/imports 200 in 115ms
 GET /api/products?page=1&limit=20 200 in 2932ms
 GET /api/categories?tree=true 200 in 36ms
 GET /api/auth/session 200 in 3023ms
 GET /api/affiliate/imports 200 in 100ms
 GET /api/products?page=1&limit=20 200 in 71ms
 GET /api/auth/session 200 in 37ms
 GET / 200 in 66ms
 GET /api/auth/session 200 in 20ms
 GET /api/auth/session 200 in 20ms
 GET /api/auth/session 200 in 81ms
 GET /api/affiliate/imports 200 in 102ms
 GET /api/auth/session 200 in 34ms
 GET /api/categories?tree=true 200 in 50ms
 POST /api/auth/_log 200 in 25ms
 POST /api/auth/_log 200 in 25ms
 GET / 200 in 29ms
 GET /api/products?page=1&limit=20 200 in 61ms
 GET /api/affiliate/imports 200 in 101ms
 GET / 200 in 28ms
 GET /api/auth/session 200 in 47ms
 GET /api/categories?tree=true 200 in 54ms
 GET /api/products?page=1&limit=20 200 in 68ms
 GET /api/affiliate/imports 200 in 114ms
 GET /api/auth/session 200 in 18ms
 GET /api/categories?tree=true 200 in 36ms
 GET /api/products?page=1&limit=20 200 in 62ms
 GET /api/affiliate/imports 200 in 97ms
 GET / 200 in 30ms
 GET / 200 in 31ms
 GET /api/auth/session 200 in 34ms
 GET /api/products?page=1&limit=20 200 in 62ms
 GET /api/categories?tree=true 200 in 46ms
 GET /api/affiliate/imports 200 in 121ms
 GET /api/auth/session 200 in 19ms
 GET /api/categories?tree=true 200 in 28ms
 GET /api/products?page=1&limit=20 200 in 64ms
 GET /api/affiliate/imports 200 in 96ms
 GET / 200 in 27ms
 GET /api/auth/session 200 in 37ms
 GET /api/categories?tree=true 200 in 56ms
 GET /api/auth/session 200 in 18ms
 GET /api/products?page=1&limit=20 200 in 97ms
 GET /api/categories?tree=true 200 in 38ms
 GET /api/auth/session 200 in 29ms
 GET /api/affiliate/imports 200 in 141ms
 GET /api/products?page=1&limit=20 200 in 70ms
 GET /api/auth/session 200 in 30ms
 GET /api/auth/session 200 in 25ms
 GET /api/auth/session 200 in 25ms
 GET / 200 in 34ms
 GET /api/affiliate/imports 200 in 117ms
 GET / 200 in 28ms
 GET /api/auth/session 200 in 55ms
 GET /api/products?page=1&limit=20 200 in 68ms
 GET /api/categories?tree=true 200 in 64ms
 GET /api/affiliate/imports 200 in 138ms
 GET /api/auth/session 200 in 16ms
 GET /api/categories?tree=true 200 in 27ms
 GET /api/products?page=1&limit=20 200 in 57ms
 GET /api/affiliate/imports 200 in 78ms
 GET /api/affiliate/imports 200 in 101ms
 GET /api/affiliate/imports 200 in 103ms
 GET /api/affiliate/imports 200 in 100ms
 GET / 200 in 29ms
 GET /api/affiliate/imports 200 in 99ms
 GET /api/affiliate/imports 200 in 109ms
 GET /api/affiliate/imports 200 in 102ms
 GET /api/affiliate/imports 200 in 190ms
 GET / 200 in 24ms
 GET /api/affiliate/imports 200 in 100ms
 GET /api/affiliate/imports 200 in 101ms
 GET /api/affiliate/imports 200 in 101ms
 GET / 200 in 29ms
 GET / 200 in 27ms
 GET /api/categories?tree=true 200 in 30ms
 GET /api/auth/session 200 in 41ms
 GET /api/products?page=1&limit=20 200 in 84ms
 GET /api/affiliate/imports 200 in 122ms
 GET /api/categories?tree=true 200 in 41ms
 GET /api/auth/session 200 in 19ms
 GET /api/products?page=1&limit=20 200 in 56ms
 GET /api/affiliate/imports 200 in 83ms
 GET /api/affiliate/imports 200 in 98ms
 GET /api/affiliate/imports 200 in 108ms
 GET /api/affiliate/imports 200 in 146ms
 GET / 200 in 29ms
 GET /api/affiliate/imports 200 in 98ms
 GET /api/affiliate/imports 200 in 97ms
 GET /api/affiliate/imports 200 in 100ms
 GET /api/affiliate/imports 200 in 106ms
 GET /api/affiliate/imports 200 in 106ms
 GET /api/affiliate/imports 200 in 103ms
 GET /api/affiliate/imports 200 in 102ms
 GET /api/affiliate/imports 200 in 100ms
 GET /api/affiliate/imports 200 in 98ms
 GET /api/affiliate/imports 200 in 98ms
 GET /api/affiliate/imports 200 in 97ms
 ✓ Compiled in 365ms (497 modules)
 GET /api/affiliate/imports 200 in 105ms
 GET /api/affiliate/imports 200 in 102ms
 ✓ Compiled in 310ms (497 modules)
 ✓ Compiled in 534ms (1013 modules)
 GET /api/affiliate/imports 200 in 122ms
 ○ Compiling /_error ...
 GET / 500 in 22ms
 GET / 500 in 28ms
 GET /_next/static/webpack/64769651db0b9da6.webpack.hot-update.json 500 in 574ms
 GET /_next/static/webpack/64769651db0b9da6.webpack.hot-update.json 500 in 4ms
 GET / 500 in 20ms
 GET / 500 in 24ms
 GET /api/affiliate/imports 500 in 17ms
 GET /_next/static/webpack/64769651db0b9da6.webpack.hot-update.json 500 in 6ms
 GET /_next/static/webpack/64769651db0b9da6.webpack.hot-update.json 500 in 244ms
 GET / 500 in 253ms
 GET / 500 in 24ms
 GET /_next/static/webpack/64769651db0b9da6.webpack.hot-update.json 500 in 331ms
 GET /_next/static/webpack/64769651db0b9da6.webpack.hot-update.json 500 in 4ms
 GET / 500 in 15ms
 GET / 500 in 17ms
 GET /_next/static/webpack/64769651db0b9da6.webpack.hot-update.json 500 in 6ms
 GET /_next/static/webpack/64769651db0b9da6.webpack.hot-update.json 500 in 246ms
 GET / 500 in 252ms
 GET / 500 in 19ms
 GET /api/affiliate/imports 500 in 20ms
[?25h
