*   Trying 127.0.0.1:3000...
  % Total    % Received % Xferd  Average Speed   Time    Time     Time  Current
                                 Dload  Upload   Total   Spent    Left  Speed
  0     0    0     0    0     0      0      0 --:--:-- --:--:-- --:--:--     0* Connected to localhost (127.0.0.1) port 3000 (#0)
> GET / HTTP/1.1
> Host: localhost:3000
> User-Agent: curl/7.81.0
> Accept: */*
> 
  0     0    0     0    0     0      0      0 --:--:--  0:00:01 --:--:--     0  0     0    0     0    0     0      0      0 --:--:--  0:00:02 --:--:--     0  0     0    0     0    0     0      0      0 --:--:--  0:00:03 --:--:--     0  0     0    0     0    0     0      0      0 --:--:--  0:00:04 --:--:--     0  0     0    0     0    0     0      0      0 --:--:--  0:00:05 --:--:--     0  0     0    0     0    0     0      0      0 --:--:--  0:00:06 --:--:--     0  0     0    0     0    0     0      0      0 --:--:--  0:00:07 --:--:--     0* Mark bundle as not supporting multiuse
< HTTP/1.1 500 Internal Server Error
< Cache-Control: no-store, must-revalidate
< X-Powered-By: Next.js
< ETag: "krng8585r03gh"
< Content-Type: text/html; charset=utf-8
< Content-Length: 4481
< Vary: Accept-Encoding
< Date: Sun, 10 Aug 2025 13:20:38 GMT
< Connection: keep-alive
< Keep-Alive: timeout=5
< 
{ [4481 bytes data]
100  4481  100  4481    0     0    570      0  0:00:07  0:00:07 --:--:--   964100  4481  100  4481    0     0    570      0  0:00:07  0:00:07 --:--:--  1229
* Connection #0 to host localhost left intact
