  ▲ Next.js 14.2.28
  - Local:        http://localhost:3000
  - Environments: .env
  - Experiments (use with caution):
    · outputFileTracingRoot

 ✓ Starting...
 ✓ Ready in 1488ms
 ○ Compiling / ...
 ✓ Compiled / in 1839ms (966 modules)
 GET / 200 in 2107ms
 ✓ Compiled in 466ms (489 modules)
 ○ Compiling /api/auth/[...nextauth] ...
 ✓ Compiled /api/auth/[...nextauth] in 509ms (717 modules)
 GET /api/auth/providers 200 in 974ms
 GET / 200 in 67ms
 ✓ Compiled /api/products in 255ms (744 modules)
 ✓ Compiled (747 modules)
 GET /api/auth/session 200 in 510ms
 GET /api/auth/session 200 in 20ms
 GET /api/categories?tree=true 200 in 629ms
 GET /api/products?page=1&limit=20 200 in 614ms
 GET /api/categories?tree=true 200 in 22ms
 GET /api/products?page=1&limit=20 200 in 25ms
 ○ Compiling /auth/signin ...
 ✓ Compiled /auth/signin in 836ms (1272 modules)
 GET /auth/signup 200 in 1023ms
 GET /auth/signin 200 in 1008ms
 GET /api/auth/session 200 in 48ms
 GET /products/cme5nkf210025yghq483p6d5a 200 in 1384ms
 GET /products/cme5nkf00000nyghqu6o9vjcp 200 in 1401ms
 GET /products/cme5nkezk000fyghqtb5w3ctd 200 in 1381ms
 GET /products/cme5nkf16001hyghqp3kmpcl7 200 in 1411ms
 GET /products/cme5nkf0c000vyghq9083gk15 200 in 1411ms
 GET /api/auth/session 200 in 84ms
 GET /api/auth/session 200 in 66ms
 GET /api/auth/session 200 in 23ms
 GET /api/auth/session 200 in 26ms
 GET /api/auth/session 200 in 34ms
 GET /api/auth/session 200 in 19ms
 GET /api/auth/session 200 in 19ms
 GET /api/auth/session 200 in 19ms
 GET /api/auth/session 200 in 18ms
 GET /api/auth/session 200 in 29ms
 GET /api/auth/session 200 in 17ms
 GET /api/auth/session 200 in 18ms
 GET /api/auth/session 200 in 17ms
 GET /api/auth/session 200 in 18ms
 GET /api/auth/session 200 in 31ms
 GET /api/auth/session 200 in 19ms
 GET /api/auth/session 200 in 20ms
 GET /api/auth/session 200 in 18ms
 GET /api/auth/session 200 in 20ms
 GET /api/auth/session 200 in 28ms
 GET /api/auth/csrf 200 in 33ms
 ✓ Compiled /api/signup in 157ms (779 modules)
 POST /api/signup 201 in 558ms
 GET / 200 in 43ms
 GET /api/auth/csrf 200 in 42ms
 POST /api/auth/callback/credentials 302 in 366ms
 ✓ Compiled /_not-found in 288ms (1277 modules)
 GET /dashboard 404 in 335ms
 GET / 200 in 38ms
 GET /api/auth/session 200 in 59ms
 GET /api/categories?tree=true 200 in 138ms
 GET /api/products?page=1&limit=20 200 in 153ms
 GET /api/auth/session 200 in 21ms
 GET /api/categories?tree=true 200 in 54ms
 GET /api/products?page=1&limit=20 200 in 70ms
 ✓ Compiled /wishlist in 426ms (1287 modules)
 GET /wishlist 200 in 505ms
 GET /api/auth/session 200 in 65ms
 GET /api/auth/session 200 in 22ms
 ✓ Compiled /api/wishlist in 204ms (788 modules)
 GET /api/wishlist 200 in 346ms
 GET /api/wishlist 200 in 23ms
[?25h
