  ▲ Next.js 14.2.28
  - Environments: .env
  - Experiments (use with caution):
    · outputFileTracingRoot

   Creating an optimized production build ...
 ✓ Compiled successfully
   Skipping linting
   Checking validity of types ...
   Collecting page data ...
   Generating static pages (0/8) ...
   Generating static pages (2/8) 
   Generating static pages (4/8) 
   Generating static pages (6/8) 
 ✓ Generating static pages (8/8)
   Finalizing page optimization ...
   Collecting build traces ...

Route (app)                              Size     First Load JS
┌ ○ /                                    11 kB           155 kB
├ ○ /_not-found                          872 B          88.1 kB
├ ○ /admin                               15.1 kB         145 kB
├ ƒ /api/affiliate-programs              0 B                0 B
├ ƒ /api/affiliate/import                0 B                0 B
├ ƒ /api/affiliate/imports               0 B                0 B
├ ƒ /api/auth/[...nextauth]              0 B                0 B
├ ƒ /api/categories                      0 B                0 B
├ ƒ /api/products                        0 B                0 B
├ ƒ /api/products/[id]                   0 B                0 B
├ ƒ /api/signup                          0 B                0 B
├ ƒ /api/wishlist                        0 B                0 B
├ ○ /auth/signin                         3.03 kB         117 kB
├ ○ /auth/signup                         3.51 kB         117 kB
├ ƒ /products/[id]                       3.91 kB         123 kB
└ ○ /wishlist                            3.33 kB         122 kB
+ First Load JS shared by all            87.2 kB
  ├ chunks/156-19c70f6b87101c8e.js       31.7 kB
  ├ chunks/ceb5afef-a88ae4c1d1f36d80.js  53.6 kB
  └ other shared chunks (total)          1.96 kB


○  (Static)   prerendered as static content
ƒ  (Dynamic)  server-rendered on demand

exit_code=0
