 тип ./app/layout.tsx
Error: 
  [31mx[0m The "use client" directive must be placed before other expressions. Move it to the top of the file to resolve this issue.
    ,-[[36;1;4m/home/ubuntu/affiliate_catalog/app/app/layout.tsx[0m:14:1]
 [2m14[0m |   description: 'Discover great products from trusted affiliate partners',
 [2m15[0m | };
 [2m16[0m | 
 [2m17[0m | 'use client';
    : [31;1m^^^^^^^^^^^^^[0m
 [2m18[0m | 
 [2m19[0m | export default function RootLayout({
 [2m20[0m |   children,
    `----

  [31mx[0m You're importing a component that needs useState. It only works in a Client Component but none of its parents are marked with "use client", so they're Server Components by default.
  [31m|[0m Learn more: https://nextjs.org/docs/getting-started/react-essentials
  [31m|[0m 
  [31m|[0m 
   ,-[[36;1;4m/home/ubuntu/affiliate_catalog/app/app/layout.tsx[0m:1:1]
 [2m1[0m | 
 [2m2[0m | import type { Metadata } from 'next';
 [2m3[0m | import { useState } from 'react';
   : [31;1m         ^^^^^^^^[0m
 [2m4[0m | import { Inter } from 'next/font/google';
 [2m5[0m | import { Providers } from '@/components/providers';
 [2m6[0m | import { Header } from '@/components/header';
   `----

Import trace for requested module:
./app/layout.tsx
 тип ./app/layout.tsx
Error: 
  [31mx[0m The "use client" directive must be placed before other expressions. Move it to the top of the file to resolve this issue.
    ,-[[36;1;4m/home/ubuntu/affiliate_catalog/app/app/layout.tsx[0m:14:1]
 [2m14[0m |   description: 'Discover great products from trusted affiliate partners',
 [2m15[0m | };
 [2m16[0m | 
 [2m17[0m | 'use client';
    : [31;1m^^^^^^^^^^^^^[0m
 [2m18[0m | 
 [2m19[0m | export default function RootLayout({
 [2m20[0m |   children,
    `----

  [31mx[0m You're importing a component that needs useState. It only works in a Client Component but none of its parents are marked with "use client", so they're Server Components by default.
  [31m|[0m Learn more: https://nextjs.org/docs/getting-started/react-essentials
  [31m|[0m 
  [31m|[0m 
   ,-[[36;1;4m/home/ubuntu/affiliate_catalog/app/app/layout.tsx[0m:1:1]
 [2m1[0m | 
 [2m2[0m | import type { Metadata } from 'next';
 [2m3[0m | import { useState } from 'react';
   : [31;1m         ^^^^^^^^[0m
 [2m4[0m | import { Inter } from 'next/font/google';
 [2m5[0m | import { Providers } from '@/components/providers';
 [2m6[0m | import { Header } from '@/components/header';
   `----

Import trace for requested module:
./app/layout.tsx
 тип ./app/layout.tsx
Error: 
  [31mx[0m The "use client" directive must be placed before other expressions. Move it to the top of the file to resolve this issue.
    ,-[[36;1;4m/home/ubuntu/affiliate_catalog/app/app/layout.tsx[0m:14:1]
 [2m14[0m |   description: 'Discover great products from trusted affiliate partners',
 [2m15[0m | };
 [2m16[0m | 
 [2m17[0m | 'use client';
    : [31;1m^^^^^^^^^^^^^[0m
 [2m18[0m | 
 [2m19[0m | export default function RootLayout({
 [2m20[0m |   children,
    `----

  [31mx[0m You're importing a component that needs useState. It only works in a Client Component but none of its parents are marked with "use client", so they're Server Components by default.
  [31m|[0m Learn more: https://nextjs.org/docs/getting-started/react-essentials
  [31m|[0m 
  [31m|[0m 
   ,-[[36;1;4m/home/ubuntu/affiliate_catalog/app/app/layout.tsx[0m:1:1]
 [2m1[0m | 
 [2m2[0m | import type { Metadata } from 'next';
 [2m3[0m | import { useState } from 'react';
   : [31;1m         ^^^^^^^^[0m
 [2m4[0m | import { Inter } from 'next/font/google';
 [2m5[0m | import { Providers } from '@/components/providers';
 [2m6[0m | import { Header } from '@/components/header';
   `----

Import trace for requested module:
./app/layout.tsx
 тЪа Fast Refresh had to perform a full reload. Read more: https://nextjs.org/docs/messages/fast-refresh-reload
 тЪа Fast Refresh had to perform a full reload due to a runtime error.
<w> [webpack.cache.PackFileCacheStrategy] Caching failed for pack: Error: ENOENT: no such file or directory, rename '/home/ubuntu/affiliate_catalog/app/.next/cache/webpack/client-development-fallback/0.pack.gz_' -> '/home/ubuntu/affiliate_catalog/app/.next/cache/webpack/client-development-fallback/0.pack.gz'
<w> [webpack.cache.PackFileCacheStrategy] Caching failed for pack: Error: ENOENT: no such file or directory, rename '/home/ubuntu/affiliate_catalog/app/.next/cache/webpack/client-development-fallback/0.pack.gz_' -> '/home/ubuntu/affiliate_catalog/app/.next/cache/webpack/client-development-fallback/0.pack.gz'
 тип ./app/layout.tsx
Error: 
  [31mx[0m The "use client" directive must be placed before other expressions. Move it to the top of the file to resolve this issue.
    ,-[[36;1;4m/home/ubuntu/affiliate_catalog/app/app/layout.tsx[0m:14:1]
 [2m14[0m |   description: 'Discover great products from trusted affiliate partners',
 [2m15[0m | };
 [2m16[0m | 
 [2m17[0m | 'use client';
    : [31;1m^^^^^^^^^^^^^[0m
 [2m18[0m | 
 [2m19[0m | export default function RootLayout({
 [2m20[0m |   children,
    `----

  [31mx[0m You're importing a component that needs useState. It only works in a Client Component but none of its parents are marked with "use client", so they're Server Components by default.
  [31m|[0m Learn more: https://nextjs.org/docs/getting-started/react-essentials
  [31m|[0m 
  [31m|[0m 
   ,-[[36;1;4m/home/ubuntu/affiliate_catalog/app/app/layout.tsx[0m:1:1]
 [2m1[0m | 
 [2m2[0m | import type { Metadata } from 'next';
 [2m3[0m | import { useState } from 'react';
   : [31;1m         ^^^^^^^^[0m
 [2m4[0m | import { Inter } from 'next/font/google';
 [2m5[0m | import { Providers } from '@/components/providers';
 [2m6[0m | import { Header } from '@/components/header';
   `----

Import trace for requested module:
./app/layout.tsx
 тЪа Fast Refresh had to perform a full reload. Read more: https://nextjs.org/docs/messages/fast-refresh-reload
 тЪа Fast Refresh had to perform a full reload due to a runtime error.
 тЪа Fast Refresh had to perform a full reload due to a runtime error.
 тип ./app/layout.tsx
Module not found: Can't resolve '@/components/layout-content'

https://nextjs.org/docs/messages/module-not-found
 тЪа Fast Refresh had to perform a full reload. Read more: https://nextjs.org/docs/messages/fast-refresh-reload
 тЪа Fast Refresh had to perform a full reload due to a runtime error.
 тЪа Fast Refresh had to perform a full reload. Read more: https://nextjs.org/docs/messages/fast-refresh-reload
