  ▲ Next.js 14.2.28
  - Local:        http://localhost:3000
  - Environments: .env
  - Experiments (use with caution):
    · outputFileTracingRoot

 ✓ Starting...
 ✓ Ready in 1565ms
 ○ Compiling / ...
 ✓ Compiled / in 3.4s (973 modules)
 GET / 200 in 3539ms
 ✓ Compiled in 457ms (489 modules)
 ○ Compiling /api/auth/[...nextauth] ...
 ✓ Compiled /api/auth/[...nextauth] in 620ms (717 modules)
 GET /api/auth/providers 200 in 1072ms
 GET / 200 in 60ms
 ✓ Compiled /api/categories in 181ms (744 modules)
 ✓ Compiled (747 modules)
 GET /api/auth/session 200 in 401ms
 GET /api/auth/session 200 in 17ms
 GET /api/categories?tree=true 200 in 507ms
 GET /api/products?page=1&limit=20 200 in 556ms
 GET /api/products?page=1&limit=20 200 in 27ms
 GET /api/categories?tree=true 200 in 22ms
 ○ Compiling /auth/signup ...
 ✓ Compiled /auth/signup in 959ms (1272 modules)
 GET /auth/signin 200 in 1160ms
 GET /auth/signup 200 in 1125ms
 GET /api/auth/session 200 in 37ms
 GET /products/cme5nkf00000nyghqu6o9vjcp 200 in 1491ms
 GET /products/cme5nkf210025yghq483p6d5a 200 in 1511ms
 GET /products/cme5nkezk000fyghqtb5w3ctd 200 in 1508ms
 GET /products/cme5nkf16001hyghqp3kmpcl7 200 in 1485ms
 GET /products/cme5nkf0c000vyghq9083gk15 200 in 1485ms
 GET /api/auth/session 200 in 72ms
 GET /api/auth/session 200 in 52ms
 GET /api/auth/session 200 in 45ms
 GET /api/auth/session 200 in 19ms
 GET /api/auth/session 200 in 37ms
 GET /api/auth/session 200 in 18ms
 GET /api/auth/session 200 in 19ms
 GET /api/auth/session 200 in 15ms
 GET /api/auth/session 200 in 15ms
 GET /api/auth/session 200 in 14ms
 GET /api/auth/session 200 in 27ms
 GET /api/auth/session 200 in 14ms
 GET /api/auth/session 200 in 16ms
 GET /api/auth/session 200 in 15ms
 GET /api/auth/session 200 in 14ms
 GET /api/auth/session 200 in 26ms
 GET /api/auth/session 200 in 16ms
 GET /api/auth/session 200 in 16ms
 GET /api/auth/session 200 in 16ms
 GET /api/auth/session 200 in 15ms
 GET /api/auth/csrf 200 in 30ms
 ✓ Compiled /api/signup in 152ms (779 modules)
 POST /api/signup 201 in 546ms
 GET / 200 in 42ms
 GET /api/auth/csrf 200 in 38ms
 POST /api/auth/callback/credentials 302 in 354ms
 ✓ Compiled /_not-found in 263ms (1277 modules)
 GET /dashboard 404 in 314ms
 GET / 200 in 35ms
 GET /api/auth/session 200 in 61ms
 GET /api/auth/session 200 in 17ms
 GET /api/categories?tree=true 200 in 119ms
 GET /api/products?page=1&limit=20 200 in 122ms
 GET /api/categories?tree=true 200 in 24ms
 GET /api/products?page=1&limit=20 200 in 31ms
 GET /wishlist 404 in 16ms
 GET /api/auth/session 200 in 29ms
 GET /api/auth/session 200 in 16ms
 ✓ Compiled in 736ms (1289 modules)
[?25h
