  ▲ Next.js 14.2.28
  - Local:        http://localhost:3000
  - Environments: .env
  - Experiments (use with caution):
    · outputFileTracingRoot

 ✓ Starting...
 ✓ Ready in 1540ms
 ○ Compiling / ...
 ✓ Compiled / in 1866ms (966 modules)
 GET / 200 in 2252ms
 ✓ Compiled in 468ms (489 modules)
 GET / 200 in 41ms
 GET / 200 in 31ms
 GET / 200 in 29ms
 ✓ Compiled /api/auth/[...nextauth] in 270ms (509 modules)
 ✓ Compiled (747 modules)
 GET /api/categories?tree=true 200 in 886ms
 GET /api/products?page=1&limit=20 200 in 910ms
 GET /api/auth/session 200 in 1004ms
 GET /api/categories?tree=true 200 in 24ms
 GET /api/products?page=1&limit=20 200 in 30ms
 GET /api/auth/session 200 in 33ms
 GET / 200 in 69ms
 GET / 200 in 30ms
 GET / 200 in 29ms
 GET /api/products?page=1&limit=20 200 in 34ms
 GET /api/categories?tree=true 200 in 33ms
 GET /api/products?page=1&limit=20 200 in 31ms
 GET /api/categories?tree=true 200 in 32ms
 GET /api/auth/session 200 in 32ms
 GET /api/auth/session 200 in 19ms
 GET / 200 in 33ms
 GET / 200 in 32ms
 GET / 200 in 28ms
 GET / 200 in 31ms
 GET / 200 in 29ms
 GET / 200 in 34ms
 GET / 200 in 31ms
 GET / 200 in 32ms
 GET / 200 in 28ms
 GET / 200 in 29ms
 GET / 200 in 29ms
 GET / 200 in 26ms
 GET / 200 in 28ms
 GET / 200 in 29ms
 GET / 200 in 31ms
 GET / 200 in 24ms
 GET / 200 in 30ms
 GET / 200 in 29ms
 GET / 200 in 30ms
 GET / 200 in 30ms
 GET / 200 in 30ms
 GET / 200 in 30ms
 GET / 200 in 29ms
 GET / 200 in 28ms
 GET / 200 in 28ms
 GET / 200 in 30ms
 GET / 200 in 26ms
 ✓ Compiled in 606ms (489 modules)
 ✓ Compiled in 251ms (489 modules)
 ✓ Compiled in 230ms (489 modules)
 ✓ Compiled in 293ms (489 modules)
 ✓ Compiled in 400ms (489 modules)
 ✓ Compiled in 303ms (489 modules)
 ✓ Compiled in 246ms (489 modules)
 ✓ Compiled in 280ms (489 modules)
 ✓ Compiled in 221ms (489 modules)
[?25h
