[master (root-commit) b1ad5fe] Complete affiliate e-commerce catalog
 98 files changed, 8817 insertions(+)
 create mode 100644 .abacus.donotdelete
 create mode 100644 .gitignore
 create mode 100644 app/.env
 create mode 100644 app/.yarnrc.yml
 create mode 100644 app/app/admin/page.tsx
 create mode 100644 app/app/api/affiliate-programs/route.ts
 create mode 100644 app/app/api/affiliate/import/route.ts
 create mode 100644 app/app/api/auth/[...nextauth]/route.ts
 create mode 100644 app/app/api/categories/route.ts
 create mode 100644 app/app/api/products/[id]/route.ts
 create mode 100644 app/app/api/products/route.ts
 create mode 100644 app/app/api/signup/route.ts
 create mode 100644 app/app/api/wishlist/route.ts
 create mode 100644 app/app/auth/signin/page.tsx
 create mode 100644 app/app/auth/signup/page.tsx
 create mode 100644 app/app/globals.css
 create mode 100644 app/app/layout.tsx
 create mode 100644 app/app/page.tsx
 create mode 100644 app/app/products/[id]/page.tsx
 create mode 100644 app/app/wishlist/page.tsx
 create mode 100644 app/components.json
 create mode 100644 app/components/admin/affiliate-program-form.tsx
 create mode 100644 app/components/admin/import-history.tsx
 create mode 100644 app/components/admin/xml-import-form.tsx
 create mode 100644 app/components/category-sidebar.tsx
 create mode 100644 app/components/header.tsx
 create mode 100644 app/components/product-card.tsx
 create mode 100644 app/components/product-detail-client.tsx
 create mode 100644 app/components/product-grid.tsx
 create mode 100644 app/components/providers.tsx
 create mode 100644 app/components/theme-provider.tsx
 create mode 100644 app/components/ui/accordion.tsx
 create mode 100644 app/components/ui/alert-dialog.tsx
 create mode 100644 app/components/ui/alert.tsx
 create mode 100644 app/components/ui/aspect-ratio.tsx
 create mode 100644 app/components/ui/avatar.tsx
 create mode 100644 app/components/ui/badge.tsx
 create mode 100644 app/components/ui/breadcrumb.tsx
 create mode 100644 app/components/ui/button.tsx
 create mode 100644 app/components/ui/calendar.tsx
 create mode 100644 app/components/ui/card.tsx
 create mode 100644 app/components/ui/carousel.tsx
 create mode 100644 app/components/ui/checkbox.tsx
 create mode 100644 app/components/ui/collapsible.tsx
 create mode 100644 app/components/ui/command.tsx
 create mode 100644 app/components/ui/context-menu.tsx
 create mode 100644 app/components/ui/date-range-picker.tsx
 create mode 100644 app/components/ui/dialog.tsx
 create mode 100644 app/components/ui/drawer.tsx
 create mode 100644 app/components/ui/dropdown-menu.tsx
 create mode 100644 app/components/ui/form.tsx
 create mode 100644 app/components/ui/hover-card.tsx
 create mode 100644 app/components/ui/input-otp.tsx
 create mode 100644 app/components/ui/input.tsx
 create mode 100644 app/components/ui/label.tsx
 create mode 100644 app/components/ui/menubar.tsx
 create mode 100644 app/components/ui/navigation-menu.tsx
 create mode 100644 app/components/ui/pagination.tsx
 create mode 100644 app/components/ui/popover.tsx
 create mode 100644 app/components/ui/progress.tsx
 create mode 100644 app/components/ui/radio-group.tsx
 create mode 100644 app/components/ui/resizable.tsx
 create mode 100644 app/components/ui/scroll-area.tsx
 create mode 100644 app/components/ui/select.tsx
 create mode 100644 app/components/ui/separator.tsx
 create mode 100644 app/components/ui/sheet.tsx
 create mode 100644 app/components/ui/skeleton.tsx
 create mode 100644 app/components/ui/slider.tsx
 create mode 100644 app/components/ui/sonner.tsx
 create mode 100644 app/components/ui/switch.tsx
 create mode 100644 app/components/ui/table.tsx
 create mode 100644 app/components/ui/tabs.tsx
 create mode 100644 app/components/ui/task-card.tsx
 create mode 100644 app/components/ui/textarea.tsx
 create mode 100644 app/components/ui/toast.tsx
 create mode 100644 app/components/ui/toaster.tsx
 create mode 100644 app/components/ui/toggle-group.tsx
 create mode 100644 app/components/ui/toggle.tsx
 create mode 100644 app/components/ui/tooltip.tsx
 create mode 100644 app/components/ui/use-toast.ts
 create mode 100644 app/hooks/use-toast.ts
 create mode 100644 app/lib/affiliate-link.ts
 create mode 100644 app/lib/auth-config.ts
 create mode 100644 app/lib/category-utils.ts
 create mode 100644 app/lib/db.ts
 create mode 100644 app/lib/types.ts
 create mode 100644 app/lib/utils.ts
 create mode 100644 app/lib/xml-parser.ts
 create mode 100644 app/next-env.d.ts
 create mode 100644 app/next.config.js
 create mode 100644 app/package.json
 create mode 100644 app/postcss.config.js
 create mode 100644 app/prisma/schema.prisma
 create mode 100644 app/scripts/seed.ts
 create mode 100644 app/tailwind.config.ts
 create mode 100644 app/tsconfig.json
 create mode 100644 app/types/next-auth.d.ts
 create mode 120000 app/yarn.lock
###b1ad5fe4faa77b3c731fe7176040714e25e862ca###
