Attention: Next.js now collects completely anonymous telemetry regarding usage.
This information is used to shape Next.js' roadmap and prioritize features.
You can learn more, including how to opt-out if you'd not like to participate in this anonymous program, by visiting the following URL:
https://nextjs.org/telemetry

  ▲ Next.js 14.2.28
  - Experiments (use with caution):
    · outputFileTracingRoot

   Creating an optimized production build ...
 ✓ Compiled successfully
   Skipping linting
   Checking validity of types ...
   Collecting page data ...
   Generating static pages (0/8) ...
   Generating static pages (2/8) 
   Generating static pages (4/8) 
   Generating static pages (6/8) 
 ✓ Generating static pages (8/8)
   Finalizing page optimization ...
   Collecting build traces ...

Route (app)                              Size     First Load JS
┌ ○ /                                    12 kB           156 kB
├ ○ /_not-found                          873 B          88.1 kB
├ ○ /admin                               14.9 kB         145 kB
├ ƒ /api/affiliate-programs              0 B                0 B
├ ƒ /api/affiliate/import                0 B                0 B
├ ƒ /api/affiliate/imports               0 B                0 B
├ ƒ /api/auth/[...nextauth]              0 B                0 B
├ ƒ /api/categories                      0 B                0 B
├ ƒ /api/products                        0 B                0 B
├ ƒ /api/products/[id]                   0 B                0 B
├ ƒ /api/signup                          0 B                0 B
├ ƒ /api/wishlist                        0 B                0 B
├ ○ /auth/signin                         3.03 kB         116 kB
├ ○ /auth/signup                         3.5 kB          117 kB
├ ƒ /products/[id]                       3.92 kB         123 kB
└ ○ /wishlist                            3.33 kB         122 kB
+ First Load JS shared by all            87.2 kB
  ├ chunks/117-c3d3dc8c766243ed.js       31.6 kB
  ├ chunks/fd9d1056-b6bd4111191f2b98.js  53.6 kB
  └ other shared chunks (total)          1.96 kB


○  (Static)   prerendered as static content
ƒ  (Dynamic)  server-rendered on demand

Successfully built app artifact
