  ▲ Next.js 14.2.28
  - Local:        http://localhost:3000
  - Environments: .env
  - Experiments (use with caution):
    · outputFileTracingRoot

 ✓ Starting...
 ✓ Ready in 1708ms
 ✓ Compiled /api/affiliate/imports in 338ms (57 modules)
 GET /api/affiliate/imports 200 in 566ms
 ○ Compiling / ...
 ✓ Compiled / in 1869ms (999 modules)
 GET /api/affiliate/imports 200 in 2228ms
 GET / 200 in 2247ms
 ✓ Compiled in 480ms (490 modules)
 GET / 200 in 55ms
 GET / 200 in 29ms
 GET / 200 in 32ms
 ✓ Compiled /api/auth/[...nextauth] in 202ms (512 modules)
 ✓ Compiled (747 modules)
 GET /api/categories?tree=true 200 in 692ms
 ✓ Compiled /api/products in 122ms (750 modules)
 GET / 200 in 97ms
 GET /api/auth/session 200 in 924ms
 POST /api/auth/_log 200 in 499ms
 POST /api/auth/_log 200 in 33ms
 GET /api/products?page=1&limit=20 200 in 289ms
 GET / 200 in 27ms
 GET /api/auth/session 200 in 39ms
 GET /api/products?page=1&limit=20 200 in 94ms
 GET /api/categories?tree=true 200 in 141ms
 GET /api/auth/session 200 in 23ms
 GET /api/categories?tree=true 200 in 23ms
 GET /api/products?page=1&limit=20 200 in 55ms
 GET /api/affiliate/imports 200 in 109ms
